This is pdfTeX, Version 3.14159265-2.6-1.40.17 (TeX Live 2016/Arch Linux) (preloaded format=pdflatex 2017.4.16)  17 APR 2017 17:27
entering extended mode
 restricted \write18 enabled.
 %&-line parsing enabled.
**E.tex
(./E.tex
LaTeX2e <2016/03/31> patch level 3
Babel <3.9r> and hyphenation patterns for 83 language(s) loaded.
(/usr/share/texmf-dist/tex/latex/base/article.cls
Document Class: article 2014/09/29 v1.4h Standard LaTeX document class
(/usr/share/texmf-dist/tex/latex/base/size10.clo
File: size10.clo 2014/09/29 v1.4h Standard LaTeX file (size option)
)
\c@part=\count79
\c@section=\count80
\c@subsection=\count81
\c@subsubsection=\count82
\c@paragraph=\count83
\c@subparagraph=\count84
\c@figure=\count85
\c@table=\count86
\abovecaptionskip=\skip41
\belowcaptionskip=\skip42
\bibindent=\dimen102
)
(/usr/share/texmf-dist/tex/latex/amsmath/amsmath.sty
Package: amsmath 2016/06/28 v2.15d AMS math features
\@mathmargin=\skip43

For additional information on amsmath, use the `?' option.
(/usr/share/texmf-dist/tex/latex/amsmath/amstext.sty
Package: amstext 2000/06/29 v2.01 AMS text

(/usr/share/texmf-dist/tex/latex/amsmath/amsgen.sty
File: amsgen.sty 1999/11/30 v2.0 generic functions
\@emptytoks=\toks14
\ex@=\dimen103
))
(/usr/share/texmf-dist/tex/latex/amsmath/amsbsy.sty
Package: amsbsy 1999/11/29 v1.2d Bold Symbols
\pmbraise@=\dimen104
)
(/usr/share/texmf-dist/tex/latex/amsmath/amsopn.sty
Package: amsopn 2016/03/08 v2.02 operator names
)
\inf@bad=\count87
LaTeX Info: Redefining \frac on input line 199.
\uproot@=\count88
\leftroot@=\count89
LaTeX Info: Redefining \overline on input line 297.
\classnum@=\count90
\DOTSCASE@=\count91
LaTeX Info: Redefining \ldots on input line 394.
LaTeX Info: Redefining \dots on input line 397.
LaTeX Info: Redefining \cdots on input line 518.
\Mathstrutbox@=\box26
\strutbox@=\box27
\big@size=\dimen105
LaTeX Font Info:    Redeclaring font encoding OML on input line 634.
LaTeX Font Info:    Redeclaring font encoding OMS on input line 635.
\macc@depth=\count92
\c@MaxMatrixCols=\count93
\dotsspace@=\muskip10
\c@parentequation=\count94
\dspbrk@lvl=\count95
\tag@help=\toks15
\row@=\count96
\column@=\count97
\maxfields@=\count98
\andhelp@=\toks16
\eqnshift@=\dimen106
\alignsep@=\dimen107
\tagshift@=\dimen108
\tagwidth@=\dimen109
\totwidth@=\dimen110
\lineht@=\dimen111
\@envbody=\toks17
\multlinegap=\skip44
\multlinetaggap=\skip45
\mathdisplay@stack=\toks18
LaTeX Info: Redefining \[ on input line 2739.
LaTeX Info: Redefining \] on input line 2740.
)
(/usr/share/texmf-dist/tex/latex/graphics/graphicx.sty
Package: graphicx 2014/10/28 v1.0g Enhanced LaTeX Graphics (DPC,SPQR)

(/usr/share/texmf-dist/tex/latex/graphics/keyval.sty
Package: keyval 2014/10/28 v1.15 key=value parser (DPC)
\KV@toks@=\toks19
)
(/usr/share/texmf-dist/tex/latex/graphics/graphics.sty
Package: graphics 2016/07/10 v1.0t Standard LaTeX Graphics (DPC,SPQR)

(/usr/share/texmf-dist/tex/latex/graphics/trig.sty
Package: trig 2016/01/03 v1.10 sin cos tan (DPC)
)
(/usr/share/texmf-dist/tex/latex/graphics-cfg/graphics.cfg
File: graphics.cfg 2016/06/04 v1.11 sample graphics configuration
)
Package graphics Info: Driver file: pdftex.def on input line 99.

(/usr/share/texmf-dist/tex/latex/graphics-def/pdftex.def
File: pdftex.def 2016/07/10 v0.06j Graphics/color for pdfTeX

(/usr/share/texmf-dist/tex/generic/oberdiek/infwarerr.sty
Package: infwarerr 2016/05/16 v1.4 Providing info/warning/error messages (HO)
)
(/usr/share/texmf-dist/tex/generic/oberdiek/ltxcmds.sty
Package: ltxcmds 2016/05/16 v1.23 LaTeX kernel commands for general use (HO)
)
\Gread@gobject=\count99
))
\Gin@req@height=\dimen112
\Gin@req@width=\dimen113
)
(/usr/share/texmf-dist/tex/latex/hyperref/hyperref.sty
Package: hyperref 2016/06/24 v6.83q Hypertext links for LaTeX

(/usr/share/texmf-dist/tex/generic/oberdiek/hobsub-hyperref.sty
Package: hobsub-hyperref 2016/05/16 v1.14 Bundle oberdiek, subset hyperref (HO)


(/usr/share/texmf-dist/tex/generic/oberdiek/hobsub-generic.sty
Package: hobsub-generic 2016/05/16 v1.14 Bundle oberdiek, subset generic (HO)
Package: hobsub 2016/05/16 v1.14 Construct package bundles (HO)
Package hobsub Info: Skipping package `infwarerr' (already loaded).
Package hobsub Info: Skipping package `ltxcmds' (already loaded).
Package: ifluatex 2016/05/16 v1.4 Provides the ifluatex switch (HO)
Package ifluatex Info: LuaTeX not detected.
Package: ifvtex 2016/05/16 v1.6 Detect VTeX and its facilities (HO)
Package ifvtex Info: VTeX not detected.
Package: intcalc 2016/05/16 v1.2 Expandable calculations with integers (HO)
Package: ifpdf 2016/05/14 v3.1 Provides the ifpdf switch
Package: etexcmds 2016/05/16 v1.6 Avoid name clashes with e-TeX commands (HO)
Package etexcmds Info: Could not find \expanded.
(etexcmds)             That can mean that you are not using pdfTeX 1.50 or
(etexcmds)             that some package has redefined \expanded.
(etexcmds)             In the latter case, load this package earlier.
Package: kvsetkeys 2016/05/16 v1.17 Key value parser (HO)
Package: kvdefinekeys 2016/05/16 v1.4 Define keys (HO)
Package: pdftexcmds 2016/05/21 v0.22 Utility functions of pdfTeX for LuaTeX (HO
)
Package pdftexcmds Info: LuaTeX not detected.
Package pdftexcmds Info: \pdf@primitive is available.
Package pdftexcmds Info: \pdf@ifprimitive is available.
Package pdftexcmds Info: \pdfdraftmode found.
Package: pdfescape 2016/05/16 v1.14 Implements pdfTeX's escape features (HO)
Package: bigintcalc 2016/05/16 v1.4 Expandable calculations on big integers (HO
)
Package: bitset 2016/05/16 v1.2 Handle bit-vector datatype (HO)
Package: uniquecounter 2016/05/16 v1.3 Provide unlimited unique counter (HO)
)
Package hobsub Info: Skipping package `hobsub' (already loaded).
Package: letltxmacro 2016/05/16 v1.5 Let assignment for LaTeX macros (HO)
Package: hopatch 2016/05/16 v1.3 Wrapper for package hooks (HO)
Package: xcolor-patch 2016/05/16 xcolor patch
Package: atveryend 2016/05/16 v1.9 Hooks at the very end of document (HO)
Package atveryend Info: \enddocument detected (standard20110627).
Package: atbegshi 2016/06/09 v1.18 At begin shipout hook (HO)
Package: refcount 2016/05/16 v3.5 Data extraction from label references (HO)
Package: hycolor 2016/05/16 v1.8 Color options for hyperref/bookmark (HO)
)
(/usr/share/texmf-dist/tex/generic/ifxetex/ifxetex.sty
Package: ifxetex 2010/09/12 v0.6 Provides ifxetex conditional
)
(/usr/share/texmf-dist/tex/latex/oberdiek/auxhook.sty
Package: auxhook 2016/05/16 v1.4 Hooks for auxiliary files (HO)
)
(/usr/share/texmf-dist/tex/latex/oberdiek/kvoptions.sty
Package: kvoptions 2016/05/16 v3.12 Key value format for package options (HO)
)
\@linkdim=\dimen114
\Hy@linkcounter=\count100
\Hy@pagecounter=\count101

(/usr/share/texmf-dist/tex/latex/hyperref/pd1enc.def
File: pd1enc.def 2016/06/24 v6.83q Hyperref: PDFDocEncoding definition (HO)
)
\Hy@SavedSpaceFactor=\count102

(/usr/share/texmf-dist/tex/latex/latexconfig/hyperref.cfg
File: hyperref.cfg 2002/06/06 v1.2 hyperref configuration of TeXLive
)
Package hyperref Info: Hyper figures OFF on input line 4486.
Package hyperref Info: Link nesting OFF on input line 4491.
Package hyperref Info: Hyper index ON on input line 4494.
Package hyperref Info: Plain pages OFF on input line 4501.
Package hyperref Info: Backreferencing OFF on input line 4506.
Package hyperref Info: Implicit mode ON; LaTeX internals redefined.
Package hyperref Info: Bookmarks ON on input line 4735.
\c@Hy@tempcnt=\count103

(/usr/share/texmf-dist/tex/latex/url/url.sty
\Urlmuskip=\muskip11
Package: url 2013/09/16  ver 3.4  Verb mode for urls, etc.
)
LaTeX Info: Redefining \url on input line 5088.
\XeTeXLinkMargin=\dimen115
\Fld@menulength=\count104
\Field@Width=\dimen116
\Fld@charsize=\dimen117
Package hyperref Info: Hyper figures OFF on input line 6342.
Package hyperref Info: Link nesting OFF on input line 6347.
Package hyperref Info: Hyper index ON on input line 6350.
Package hyperref Info: backreferencing OFF on input line 6357.
Package hyperref Info: Link coloring OFF on input line 6362.
Package hyperref Info: Link coloring with OCG OFF on input line 6367.
Package hyperref Info: PDF/A mode OFF on input line 6372.
LaTeX Info: Redefining \ref on input line 6412.
LaTeX Info: Redefining \pageref on input line 6416.
\Hy@abspage=\count105
\c@Item=\count106
\c@Hfootnote=\count107
)

Package hyperref Message: Driver (autodetected): hpdftex.

(/usr/share/texmf-dist/tex/latex/hyperref/hpdftex.def
File: hpdftex.def 2016/06/24 v6.83q Hyperref driver for pdfTeX
\Fld@listcount=\count108
\c@bookmark@seq@number=\count109

(/usr/share/texmf-dist/tex/latex/oberdiek/rerunfilecheck.sty
Package: rerunfilecheck 2016/05/16 v1.8 Rerun checks for auxiliary files (HO)
Package uniquecounter Info: New unique counter `rerunfilecheck' on input line 2
82.
)
\Hy@SectionHShift=\skip46
) (./appendix.sty
Package: appendix 2009/09/02 v1.2b extra appendix facilities
\c@@pps=\count110
\c@@ppsavesec=\count111
\c@@ppsaveapp=\count112
) (./E.aux)
\openout1 = `E.aux'.

LaTeX Font Info:    Checking defaults for OML/cmm/m/it on input line 13.
LaTeX Font Info:    ... okay on input line 13.
LaTeX Font Info:    Checking defaults for T1/cmr/m/n on input line 13.
LaTeX Font Info:    ... okay on input line 13.
LaTeX Font Info:    Checking defaults for OT1/cmr/m/n on input line 13.
LaTeX Font Info:    ... okay on input line 13.
LaTeX Font Info:    Checking defaults for OMS/cmsy/m/n on input line 13.
LaTeX Font Info:    ... okay on input line 13.
LaTeX Font Info:    Checking defaults for OMX/cmex/m/n on input line 13.
LaTeX Font Info:    ... okay on input line 13.
LaTeX Font Info:    Checking defaults for U/cmr/m/n on input line 13.
LaTeX Font Info:    ... okay on input line 13.
LaTeX Font Info:    Checking defaults for PD1/pdf/m/n on input line 13.
LaTeX Font Info:    ... okay on input line 13.
 (/usr/share/texmf-dist/tex/context/base/mkii/supp-pdf.mkii
[Loading MPS to PDF converter (version 2006.09.02).]
\scratchcounter=\count113
\scratchdimen=\dimen118
\scratchbox=\box28
\nofMPsegments=\count114
\nofMParguments=\count115
\everyMPshowfont=\toks20
\MPscratchCnt=\count116
\MPscratchDim=\dimen119
\MPnumerator=\count117
\makeMPintoPDFobject=\count118
\everyMPtoPDFconversion=\toks21
) (/usr/share/texmf-dist/tex/latex/oberdiek/epstopdf-base.sty
Package: epstopdf-base 2016/05/15 v2.6 Base part for package epstopdf

(/usr/share/texmf-dist/tex/latex/oberdiek/grfext.sty
Package: grfext 2016/05/16 v1.2 Manage graphics extensions (HO)
)
Package epstopdf-base Info: Redefining graphics rule for `.eps' on input line 4
38.
Package grfext Info: Graphics extension search list:
(grfext)             [.png,.pdf,.jpg,.mps,.jpeg,.jbig2,.jb2,.PNG,.PDF,.JPG,.JPE
G,.JBIG2,.JB2,.eps]
(grfext)             \AppendGraphicsExtensions on input line 456.

(/usr/share/texmf-dist/tex/latex/latexconfig/epstopdf-sys.cfg
File: epstopdf-sys.cfg 2010/07/13 v1.3 Configuration of (r)epstopdf for TeX Liv
e
))
\AtBeginShipoutBox=\box29
Package hyperref Info: Link coloring OFF on input line 13.

(/usr/share/texmf-dist/tex/latex/hyperref/nameref.sty
Package: nameref 2016/05/21 v2.44 Cross-referencing by name of section

(/usr/share/texmf-dist/tex/generic/oberdiek/gettitlestring.sty
Package: gettitlestring 2016/05/16 v1.5 Cleanup title references (HO)
)
\c@section@level=\count119
)
LaTeX Info: Redefining \ref on input line 13.
LaTeX Info: Redefining \pageref on input line 13.
LaTeX Info: Redefining \nameref on input line 13.
 (./E.out)
(./E.out)
\@outlinefile=\write3
\openout3 = `E.out'.

 [1

{/var/lib/texmf/fonts/map/pdftex/updmap/pdftex.map}] [1] [2]
Underfull \hbox (badness 10000) in paragraph at lines 66--68

 []


Underfull \hbox (badness 10000) in alignment at lines 69--87
[][][]
 []


Overfull \hbox (19.0007pt too wide) in alignment at lines 91--103
[][]
 []

[3]
Overfull \hbox (17.20302pt too wide) in paragraph at lines 112--112
[]\OT1/cmr/bx/n/14.4 Effect of Ad-ver-sar-ial Per-tur-ba-tions against CNN 
 []

<sample_original1.png, id=83, 578.16pt x 433.62pt>
File: sample_original1.png Graphic file (type png)
 <use sample_original1.png>
Package pdftex.def Info: sample_original1.png used on input line 122.
(pdftex.def)             Requested size: 172.5pt x 129.37242pt.

<sample_perturbed1.png, id=85, 578.16pt x 433.62pt>
File: sample_perturbed1.png Graphic file (type png)

<use sample_perturbed1.png>
Package pdftex.def Info: sample_perturbed1.png used on input line 127.
(pdftex.def)             Requested size: 172.5pt x 129.37242pt.

Overfull \hbox (2.22221pt too wide) in paragraph at lines 120--130
[]$[]$  $[]$ 
 []

[4 <./sample_original1.png> <./sample_perturbed1.png>]
<sample_original2.png, id=101, 578.16pt x 433.62pt>
File: sample_original2.png Graphic file (type png)
 <use sample_original2.png>
Package pdftex.def Info: sample_original2.png used on input line 135.
(pdftex.def)             Requested size: 172.5pt x 129.37242pt.

<sample_perturbed2.png, id=102, 578.16pt x 433.62pt>
File: sample_perturbed2.png Graphic file (type png)

<use sample_perturbed2.png>
Package pdftex.def Info: sample_perturbed2.png used on input line 140.
(pdftex.def)             Requested size: 172.5pt x 129.37242pt.

Overfull \hbox (2.22221pt too wide) in paragraph at lines 133--143
[]$[]$  $[]$ 
 []

[5 <./sample_original2.png> <./sample_perturbed2.png>] [6]
Overfull \hbox (3.09615pt too wide) in paragraph at lines 225--226
[]\OT1/cmr/m/n/10 Find the num-ber $\OML/cmm/m/it/10 k[]\OT1/cmr/m/n/10 [\OML/c
mm/m/it/10 m\OT1/cmr/m/n/10 ][\OML/cmm/m/it/10 n\OT1/cmr/m/n/10 ]$ with max-i-m
um ab-so-lute value in the salience
 []

[7] [8]
Underfull \hbox (badness 10000) in paragraph at lines 324--325

 []


Underfull \hbox (badness 10000) in paragraph at lines 329--330

 []

[9] <original1.png, id=193, 578.16pt x 433.62pt>
File: original1.png Graphic file (type png)
 <use original1.png>
Package pdftex.def Info: original1.png used on input line 373.
(pdftex.def)             Requested size: 172.5pt x 129.37242pt.

<std1.png, id=194, 578.16pt x 433.62pt>
File: std1.png Graphic file (type png)
 <use std1.png>
Package pdftex.def Info: std1.png used on input line 378.
(pdftex.def)             Requested size: 172.5pt x 129.37242pt.

Overfull \hbox (2.22221pt too wide) in paragraph at lines 371--381
[]$[]$  $[]$ 
 []

[10 <./original1.png> <./std1.png>]
<distill1.png, id=206, 578.16pt x 433.62pt>
File: distill1.png Graphic file (type png)
 <use distill1.png>
Package pdftex.def Info: distill1.png used on input line 386.
(pdftex.def)             Requested size: 172.5pt x 129.37242pt.

<O.png, id=207, 578.16pt x 433.62pt>
File: O.png Graphic file (type png)
 <use O.png>
Package pdftex.def Info: O.png used on input line 394.
(pdftex.def)             Requested size: 172.5pt x 129.37242pt.

<S.png, id=208, 578.16pt x 433.62pt>
File: S.png Graphic file (type png)
 <use S.png>
Package pdftex.def Info: S.png used on input line 399.
(pdftex.def)             Requested size: 172.5pt x 129.37242pt.

<T.png, id=209, 578.16pt x 433.62pt>
File: T.png Graphic file (type png)
 <use T.png>
Package pdftex.def Info: T.png used on input line 404.
(pdftex.def)             Requested size: 172.5pt x 129.37242pt.

Overfull \hbox (2.22221pt too wide) in paragraph at lines 392--407
[]$[]$  $[]$
 []

[11 <./distill1.png> <./O.png> <./S.png> <./T.png>] [12]
Overfull \hbox (6.99954pt too wide) in paragraph at lines 432--432
[]\OT1/cmr/bx/n/14.4 Sample Salience Map for Tra-di-tion-ally Trained
 []

[13]
Underfull \hbox (badness 10000) in paragraph at lines 477--514

 []

[14] (./E.bbl
Missing character: There is no Ã in font cmr10!
Missing character: There is no ¼ in font cmr10!
Missing character: There is no Ã in font cmr10!
Missing character: There is no ¸ in font cmr10!
Missing character: There is no Ã in font cmr10!
Missing character: There is no ¡ in font cmr10!
)
Package atveryend Info: Empty hook `BeforeClearDocument' on input line 517.
 [15]
Package atveryend Info: Empty hook `AfterLastShipout' on input line 517.
 (./E.aux)
Package atveryend Info: Executing hook `AtVeryEndDocument' on input line 517.
Package atveryend Info: Executing hook `AtEndAfterFileList' on input line 517.
Package rerunfilecheck Info: File `E.out' has not changed.
(rerunfilecheck)             Checksum: 23B18C83945107FAFD1F3112ACCB7CDD;735.
Package atveryend Info: Empty hook `AtVeryVeryEnd' on input line 517.
 ) 
Here is how much of TeX's memory you used:
 5948 strings out of 493013
 84908 string characters out of 6139317
 179687 words of memory out of 5000000
 9339 multiletter control sequences out of 15000+600000
 11908 words of font info for 43 fonts, out of 8000000 for 9000
 1141 hyphenation exceptions out of 8191
 29i,11n,28p,757b,407s stack positions out of 5000i,500n,10000p,200000b,80000s
 </usr/share/texmf-dist/fonts/pk/ljfour/public/cm/dpi600/cmti10.pk> </usr/sha
re/texmf-dist/fonts/pk/ljfour/public/cm/dpi600/cmsy7.pk> </home/haobei/.texlive
/texmf-var/fonts/pk/ljfour/public/cm/cmr5.600pk> </usr/share/texmf-dist/fonts/p
k/ljfour/public/cm/dpi600/cmex10.pk> </home/haobei/.texlive/texmf-var/fonts/pk/
ljfour/public/cm/cmmi5.600pk> </home/haobei/.texlive/texmf-var/fonts/pk/ljfour/
public/cm/cmbx5.600pk> </home/haobei/.texlive/texmf-var/fonts/pk/ljfour/public/
cm/cmbx7.600pk> </usr/share/texmf-dist/fonts/pk/ljfour/public/cm/dpi600/cmr7.pk
> </usr/share/texmf-dist/fonts/pk/ljfour/public/cm/dpi600/cmmi7.pk> </usr/share
/texmf-dist/fonts/pk/ljfour/public/cm/dpi600/cmmi10.pk> </usr/share/texmf-dist/
fonts/pk/ljfour/public/cm/dpi600/cmbx10.pk> </home/haobei/.texlive/texmf-var/fo
nts/pk/ljfour/public/cm/cmtt10.600pk> </home/haobei/.texlive/texmf-var/fonts/pk
/ljfour/public/cm/cmbx12.600pk> </usr/share/texmf-dist/fonts/pk/ljfour/public/c
m/dpi600/cmsy10.pk> </usr/share/texmf-dist/fonts/pk/ljfour/public/cm/dpi600/cmr
10.pk> </home/haobei/.texlive/texmf-var/fonts/pk/ljfour/public/cm/cmbx12.720pk>
 </home/haobei/.texlive/texmf-var/fonts/pk/ljfour/public/cm/cmmi9.600pk> </usr/
share/texmf-dist/fonts/pk/ljfour/public/cm/dpi600/cmr6.pk> </home/haobei/.texli
ve/texmf-var/fonts/pk/ljfour/public/cm/cmr9.600pk> </home/haobei/.texlive/texmf
-var/fonts/pk/ljfour/public/cm/cmbx9.600pk> </usr/share/texmf-dist/fonts/pk/ljf
our/public/cm/dpi600/cmr12.pk> </home/haobei/.texlive/texmf-var/fonts/pk/ljfour
/public/cm/cmbx12.864pk>
Output written on E.pdf (16 pages, 1003005 bytes).
PDF statistics:
 781 PDF objects out of 1000 (max. 8388607)
 301 compressed objects within 4 object streams
 96 named destinations out of 1000 (max. 500000)
 131 words of extra memory for PDF output out of 10000 (max. 10000000)

